# JRE version: OpenJDK Runtime Environment (16.0.2+7) (build 16.0.2+7-67)
# Java VM: OpenJDK 64-Bit Server VM (16.0.2+7-67, mixed mode, tiered, compressed oops, compressed class ptrs, g1 gc, windows-amd64)
GC Precious Log:
 CPUs: 2 total, 2 available
 Memory: 3918M
 Large Page Support: Disabled
 NUMA Support: Disabled
 Compressed Oops: Enabled (32-bit)
 Heap Region Size: 1M
 Heap Min Capacity: 8M
 Heap Initial Capacity: 62M
 Heap Max Capacity: 980M
 Pre-touch: Disabled
 Parallel Workers: 2
 Concurrent Workers: 1
 Concurrent Refinement Workers: 2
 Periodic GC: Disabled
Heap:
 garbage-first heap   total 65536K, used 47805K [0x00000000c2c00000, 0x0000000100000000)
  region size 1024K, 20 young (20480K), 1 survivors (1024K)
 Metaspace       used 77921K, committed 78528K, reserved 1122304K
  class space    used 9430K, committed 9728K, reserved 1048576K
GC Heap History (20 events):
Event: 823.051 GC heap before
{Heap before GC invocations=58 (full 2):
 garbage-first heap   total 65536K, used 53840K [0x00000000c2c00000, 0x0000000100000000)
  region size 1024K, 26 young (26624K), 1 survivors (1024K)
 Metaspace       used 77994K, committed 78528K, reserved 1122304K
  class space    used 9448K, committed 9728K, reserved 1048576K
}
Event: 823.055 GC heap after
{Heap after GC invocations=59 (full 2):
 garbage-first heap   total 65536K, used 29249K [0x00000000c2c00000, 0x0000000100000000)
  region size 1024K, 1 young (1024K), 1 survivors (1024K)
 Metaspace       used 77994K, committed 78528K, reserved 1122304K
  class space    used 9448K, committed 9728K, reserved 1048576K
}
Event: 842.090 GC heap before
{Heap before GC invocations=59 (full 2):
 garbage-first heap   total 65536K, used 53825K [0x00000000c2c00000, 0x0000000100000000)
  region size 1024K, 26 young (26624K), 1 survivors (1024K)
 Metaspace       used 77994K, committed 78528K, reserved 1122304K
  class space    used 9448K, committed 9728K, reserved 1048576K
}
Event: 842.164 GC heap after
{Heap after GC invocations=60 (full 2):
 garbage-first heap   total 65536K, used 29360K [0x00000000c2c00000, 0x0000000100000000)
  region size 1024K, 1 young (1024K), 1 survivors (1024K)
 Metaspace       used 77994K, committed 78528K, reserved 1122304K
  class space    used 9448K, committed 9728K, reserved 1048576K
}
Event: 861.248 GC heap before
{Heap before GC invocations=61 (full 2):
 garbage-first heap   total 65536K, used 53936K [0x00000000c2c00000, 0x0000000100000000)
  region size 1024K, 26 young (26624K), 1 survivors (1024K)
 Metaspace       used 77994K, committed 78528K, reserved 1122304K
  class space    used 9448K, committed 9728K, reserved 1048576K
}
Event: 861.254 GC heap after
{Heap after GC invocations=62 (full 2):
 garbage-first heap   total 65536K, used 29322K [0x00000000c2c00000, 0x0000000100000000)
  region size 1024K, 1 young (1024K), 1 survivors (1024K)
 Metaspace       used 77994K, committed 78528K, reserved 1122304K
  class space    used 9448K, committed 9728K, reserved 1048576K
}
Event: 878.537 GC heap before
{Heap before GC invocations=62 (full 2):
 garbage-first heap   total 65536K, used 55946K [0x00000000c2c00000, 0x0000000100000000)
  region size 1024K, 27 young (27648K), 1 survivors (1024K)
 Metaspace       used 77996K, committed 78528K, reserved 1122304K
  class space    used 9448K, committed 9728K, reserved 1048576K
}
Event: 878.544 GC heap after
{Heap after GC invocations=63 (full 2):
 garbage-first heap   total 65536K, used 29418K [0x00000000c2c00000, 0x0000000100000000)
  region size 1024K, 1 young (1024K), 1 survivors (1024K)
 Metaspace       used 77996K, committed 78528K, reserved 1122304K
  class space    used 9448K, committed 9728K, reserved 1048576K
}
Event: 900.926 GC heap before
{Heap before GC invocations=64 (full 2):
 garbage-first heap   total 65536K, used 55018K [0x00000000c2c00000, 0x0000000100000000)
  region size 1024K, 27 young (27648K), 1 survivors (1024K)
 Metaspace       used 77996K, committed 78528K, reserved 1122304K
  class space    used 9448K, committed 9728K, reserved 1048576K
}
Event: 900.932 GC heap after
{Heap after GC invocations=65 (full 2):
 garbage-first heap   total 65536K, used 29347K [0x00000000c2c00000, 0x0000000100000000)
  region size 1024K, 1 young (1024K), 1 survivors (1024K)
 Metaspace       used 77996K, committed 78528K, reserved 1122304K
  class space    used 9448K, committed 9728K, reserved 1048576K
}
Event: 917.438 GC heap before
{Heap before GC invocations=65 (full 2):
 garbage-first heap   total 65536K, used 54947K [0x00000000c2c00000, 0x0000000100000000)
  region size 1024K, 27 young (27648K), 1 survivors (1024K)
 Metaspace       used 77996K, committed 78528K, reserved 1122304K
  class space    used 9448K, committed 9728K, reserved 1048576K
}
Event: 917.457 GC heap after
{Heap after GC invocations=66 (full 2):
 garbage-first heap   total 65536K, used 29325K [0x00000000c2c00000, 0x0000000100000000)
  region size 1024K, 1 young (1024K), 1 survivors (1024K)
 Metaspace       used 77996K, committed 78528K, reserved 1122304K
  class space    used 9448K, committed 9728K, reserved 1048576K
}
Event: 943.304 GC heap before
{Heap before GC invocations=67 (full 2):
 garbage-first heap   total 65536K, used 54925K [0x00000000c2c00000, 0x0000000100000000)
  region size 1024K, 27 young (27648K), 1 survivors (1024K)
 Metaspace       used 77997K, committed 78528K, reserved 1122304K
  class space    used 9448K, committed 9728K, reserved 1048576K
}
Event: 943.337 GC heap after
{Heap after GC invocations=68 (full 2):
 garbage-first heap   total 65536K, used 29358K [0x00000000c2c00000, 0x0000000100000000)
  region size 1024K, 1 young (1024K), 1 survivors (1024K)
 Metaspace       used 77997K, committed 78528K, reserved 1122304K
  class space    used 9448K, committed 9728K, reserved 1048576K
}
Event: 963.204 GC heap before
{Heap before GC invocations=68 (full 2):
 garbage-first heap   total 65536K, used 55982K [0x00000000c2c00000, 0x0000000100000000)
  region size 1024K, 27 young (27648K), 1 survivors (1024K)
 Metaspace       used 77997K, committed 78528K, reserved 1122304K
  class space    used 9448K, committed 9728K, reserved 1048576K
}
Event: 963.221 GC heap after
{Heap after GC invocations=69 (full 2):
 garbage-first heap   total 65536K, used 29349K [0x00000000c2c00000, 0x0000000100000000)
  region size 1024K, 1 young (1024K), 1 survivors (1024K)
 Metaspace       used 77997K, committed 78528K, reserved 1122304K
  class space    used 9448K, committed 9728K, reserved 1048576K
}
Event: 993.476 GC heap before
{Heap before GC invocations=70 (full 2):
 garbage-first heap   total 65536K, used 55973K [0x00000000c2c00000, 0x0000000100000000)
  region size 1024K, 27 young (27648K), 1 survivors (1024K)
 Metaspace       used 77961K, committed 78528K, reserved 1122304K
  class space    used 9440K, committed 9728K, reserved 1048576K
}
Event: 993.500 GC heap after
{Heap after GC invocations=71 (full 2):
 garbage-first heap   total 65536K, used 29360K [0x00000000c2c00000, 0x0000000100000000)
  region size 1024K, 1 young (1024K), 1 survivors (1024K)
 Metaspace       used 77961K, committed 78528K, reserved 1122304K
  class space    used 9440K, committed 9728K, reserved 1048576K
}
Event: 1006.220 GC heap before
{Heap before GC invocations=71 (full 2):
 garbage-first heap   total 65536K, used 55984K [0x00000000c2c00000, 0x0000000100000000)
  region size 1024K, 27 young (27648K), 1 survivors (1024K)
 Metaspace       used 77962K, committed 78528K, reserved 1122304K
  class space    used 9440K, committed 9728K, reserved 1048576K
}
Event: 1006.247 GC heap after
{Heap after GC invocations=72 (full 2):
 garbage-first heap   total 65536K, used 29373K [0x00000000c2c00000, 0x0000000100000000)
  region size 1024K, 1 young (1024K), 1 survivors (1024K)
 Metaspace       used 77962K, committed 78528K, reserved 1122304K
  class space    used 9440K, committed 9728K, reserved 1048576K
}

